State 0:
          statement ::= * EOI
          statement ::= * expression EOI
          statement ::= * expression SEMICOLON
          expression ::= * primitive
          expression ::= * list
          expression ::= * hash
          hash ::= * OPEN_CURLY_BRACE CLOSE_CURLY_BRACE
          hash ::= * OPEN_CURLY_BRACE list_of_associations CLOSE_CURLY_BRACE
          list ::= * OPEN_RECT_BRACE CLOSE_RECT_BRACE
          list ::= * OPEN_RECT_BRACE list_of_expressions CLOSE_RECT_BRACE
          primitive ::= * BUILTIN
          primitive ::= * ICON
          primitive ::= * FCON
          primitive ::= * SCON
          primitive ::= * IDENT
          primitive ::= * TRUE
          primitive ::= * FALSE
          primitive ::= * NULL

                           EOI shift  25
              OPEN_CURLY_BRACE shift  7
               OPEN_RECT_BRACE shift  1
                       BUILTIN shift  14
                          ICON shift  15
                          FCON shift  16
                          SCON shift  17
                         IDENT shift  18
                          TRUE shift  19
                         FALSE shift  20
                          NULL shift  21
                    expression shift  10
                     primitive shift  29
                          list shift  30
                          hash shift  31
                     statement accept

State 1:
          expression ::= * primitive
          expression ::= * list
          expression ::= * hash
          hash ::= * OPEN_CURLY_BRACE CLOSE_CURLY_BRACE
          hash ::= * OPEN_CURLY_BRACE list_of_associations CLOSE_CURLY_BRACE
          list ::= * OPEN_RECT_BRACE CLOSE_RECT_BRACE
          list ::= OPEN_RECT_BRACE * CLOSE_RECT_BRACE
          list ::= * OPEN_RECT_BRACE list_of_expressions CLOSE_RECT_BRACE
          list ::= OPEN_RECT_BRACE * list_of_expressions CLOSE_RECT_BRACE
          list_of_expressions ::= * expression
          list_of_expressions ::= * list_of_expressions expression
          list_of_expressions ::= * list_of_expressions COMMA expression
          primitive ::= * BUILTIN
          primitive ::= * ICON
          primitive ::= * FCON
          primitive ::= * SCON
          primitive ::= * IDENT
          primitive ::= * TRUE
          primitive ::= * FALSE
          primitive ::= * NULL

              OPEN_CURLY_BRACE shift  7
               OPEN_RECT_BRACE shift  1
              CLOSE_RECT_BRACE shift  35
                       BUILTIN shift  14
                          ICON shift  15
                          FCON shift  16
                          SCON shift  17
                         IDENT shift  18
                          TRUE shift  19
                         FALSE shift  20
                          NULL shift  21
                    expression shift  22
                     primitive shift  29
                          list shift  30
           list_of_expressions shift  2
                          hash shift  31

State 2:
          expression ::= * primitive
          expression ::= * list
          expression ::= * hash
          hash ::= * OPEN_CURLY_BRACE CLOSE_CURLY_BRACE
          hash ::= * OPEN_CURLY_BRACE list_of_associations CLOSE_CURLY_BRACE
          list ::= * OPEN_RECT_BRACE CLOSE_RECT_BRACE
          list ::= * OPEN_RECT_BRACE list_of_expressions CLOSE_RECT_BRACE
          list ::= OPEN_RECT_BRACE list_of_expressions * CLOSE_RECT_BRACE
          list_of_expressions ::= list_of_expressions * expression
          list_of_expressions ::= list_of_expressions * COMMA expression
          primitive ::= * BUILTIN
          primitive ::= * ICON
          primitive ::= * FCON
          primitive ::= * SCON
          primitive ::= * IDENT
          primitive ::= * TRUE
          primitive ::= * FALSE
          primitive ::= * NULL

              OPEN_CURLY_BRACE shift  7
                         COMMA shift  4
               OPEN_RECT_BRACE shift  1
              CLOSE_RECT_BRACE shift  36
                       BUILTIN shift  14
                          ICON shift  15
                          FCON shift  16
                          SCON shift  17
                         IDENT shift  18
                          TRUE shift  19
                         FALSE shift  20
                          NULL shift  21
                    expression shift  37
                     primitive shift  29
                          list shift  30
                          hash shift  31

State 3:
          expression ::= * primitive
          expression ::= * list
          expression ::= * hash
          hash ::= * OPEN_CURLY_BRACE CLOSE_CURLY_BRACE
          hash ::= * OPEN_CURLY_BRACE list_of_associations CLOSE_CURLY_BRACE
          list_of_associations ::= list_of_associations COMMA primitive COLON * expression
          list ::= * OPEN_RECT_BRACE CLOSE_RECT_BRACE
          list ::= * OPEN_RECT_BRACE list_of_expressions CLOSE_RECT_BRACE
          primitive ::= * BUILTIN
          primitive ::= * ICON
          primitive ::= * FCON
          primitive ::= * SCON
          primitive ::= * IDENT
          primitive ::= * TRUE
          primitive ::= * FALSE
          primitive ::= * NULL

              OPEN_CURLY_BRACE shift  7
               OPEN_RECT_BRACE shift  1
                       BUILTIN shift  14
                          ICON shift  15
                          FCON shift  16
                          SCON shift  17
                         IDENT shift  18
                          TRUE shift  19
                         FALSE shift  20
                          NULL shift  21
                    expression shift  23
                     primitive shift  29
                          list shift  30
                          hash shift  31

State 4:
          expression ::= * primitive
          expression ::= * list
          expression ::= * hash
          hash ::= * OPEN_CURLY_BRACE CLOSE_CURLY_BRACE
          hash ::= * OPEN_CURLY_BRACE list_of_associations CLOSE_CURLY_BRACE
          list ::= * OPEN_RECT_BRACE CLOSE_RECT_BRACE
          list ::= * OPEN_RECT_BRACE list_of_expressions CLOSE_RECT_BRACE
          list_of_expressions ::= list_of_expressions COMMA * expression
          primitive ::= * BUILTIN
          primitive ::= * ICON
          primitive ::= * FCON
          primitive ::= * SCON
          primitive ::= * IDENT
          primitive ::= * TRUE
          primitive ::= * FALSE
          primitive ::= * NULL

              OPEN_CURLY_BRACE shift  7
               OPEN_RECT_BRACE shift  1
                       BUILTIN shift  14
                          ICON shift  15
                          FCON shift  16
                          SCON shift  17
                         IDENT shift  18
                          TRUE shift  19
                         FALSE shift  20
                          NULL shift  21
                    expression shift  38
                     primitive shift  29
                          list shift  30
                          hash shift  31

State 5:
          expression ::= * primitive
          expression ::= * list
          expression ::= * hash
          hash ::= * OPEN_CURLY_BRACE CLOSE_CURLY_BRACE
          hash ::= * OPEN_CURLY_BRACE list_of_associations CLOSE_CURLY_BRACE
          list_of_associations ::= list_of_associations primitive COLON * expression
          list ::= * OPEN_RECT_BRACE CLOSE_RECT_BRACE
          list ::= * OPEN_RECT_BRACE list_of_expressions CLOSE_RECT_BRACE
          primitive ::= * BUILTIN
          primitive ::= * ICON
          primitive ::= * FCON
          primitive ::= * SCON
          primitive ::= * IDENT
          primitive ::= * TRUE
          primitive ::= * FALSE
          primitive ::= * NULL

              OPEN_CURLY_BRACE shift  7
               OPEN_RECT_BRACE shift  1
                       BUILTIN shift  14
                          ICON shift  15
                          FCON shift  16
                          SCON shift  17
                         IDENT shift  18
                          TRUE shift  19
                         FALSE shift  20
                          NULL shift  21
                    expression shift  34
                     primitive shift  29
                          list shift  30
                          hash shift  31

State 6:
          expression ::= * primitive
          expression ::= * list
          expression ::= * hash
          hash ::= * OPEN_CURLY_BRACE CLOSE_CURLY_BRACE
          hash ::= * OPEN_CURLY_BRACE list_of_associations CLOSE_CURLY_BRACE
          association ::= primitive COLON * expression
          list ::= * OPEN_RECT_BRACE CLOSE_RECT_BRACE
          list ::= * OPEN_RECT_BRACE list_of_expressions CLOSE_RECT_BRACE
          primitive ::= * BUILTIN
          primitive ::= * ICON
          primitive ::= * FCON
          primitive ::= * SCON
          primitive ::= * IDENT
          primitive ::= * TRUE
          primitive ::= * FALSE
          primitive ::= * NULL

              OPEN_CURLY_BRACE shift  7
               OPEN_RECT_BRACE shift  1
                       BUILTIN shift  14
                          ICON shift  15
                          FCON shift  16
                          SCON shift  17
                         IDENT shift  18
                          TRUE shift  19
                         FALSE shift  20
                          NULL shift  21
                    expression shift  26
                     primitive shift  29
                          list shift  30
                          hash shift  31

State 7:
          hash ::= OPEN_CURLY_BRACE * CLOSE_CURLY_BRACE
          hash ::= OPEN_CURLY_BRACE * list_of_associations CLOSE_CURLY_BRACE
          list_of_associations ::= * list_of_associations primitive COLON expression
          list_of_associations ::= * list_of_associations COMMA primitive COLON expression
          list_of_associations ::= * association
          association ::= * primitive COLON expression
          primitive ::= * BUILTIN
          primitive ::= * ICON
          primitive ::= * FCON
          primitive ::= * SCON
          primitive ::= * IDENT
          primitive ::= * TRUE
          primitive ::= * FALSE
          primitive ::= * NULL

             CLOSE_CURLY_BRACE shift  32
                       BUILTIN shift  14
                          ICON shift  15
                          FCON shift  16
                          SCON shift  17
                         IDENT shift  18
                          TRUE shift  19
                         FALSE shift  20
                          NULL shift  21
                     primitive shift  12
                   association shift  24
          list_of_associations shift  8

State 8:
          hash ::= OPEN_CURLY_BRACE list_of_associations * CLOSE_CURLY_BRACE
          list_of_associations ::= list_of_associations * primitive COLON expression
          list_of_associations ::= list_of_associations * COMMA primitive COLON expression
          primitive ::= * BUILTIN
          primitive ::= * ICON
          primitive ::= * FCON
          primitive ::= * SCON
          primitive ::= * IDENT
          primitive ::= * TRUE
          primitive ::= * FALSE
          primitive ::= * NULL

             CLOSE_CURLY_BRACE shift  33
                         COMMA shift  9
                       BUILTIN shift  14
                          ICON shift  15
                          FCON shift  16
                          SCON shift  17
                         IDENT shift  18
                          TRUE shift  19
                         FALSE shift  20
                          NULL shift  21
                     primitive shift  13

State 9:
          list_of_associations ::= list_of_associations COMMA * primitive COLON expression
          primitive ::= * BUILTIN
          primitive ::= * ICON
          primitive ::= * FCON
          primitive ::= * SCON
          primitive ::= * IDENT
          primitive ::= * TRUE
          primitive ::= * FALSE
          primitive ::= * NULL

                       BUILTIN shift  14
                          ICON shift  15
                          FCON shift  16
                          SCON shift  17
                         IDENT shift  18
                          TRUE shift  19
                         FALSE shift  20
                          NULL shift  21
                     primitive shift  11

State 10:
          statement ::= expression * EOI
          statement ::= expression * SEMICOLON

                           EOI shift  27
                     SEMICOLON shift  28

State 11:
          list_of_associations ::= list_of_associations COMMA primitive * COLON expression

                         COLON shift  3

State 12:
          association ::= primitive * COLON expression

                         COLON shift  6

State 13:
          list_of_associations ::= list_of_associations primitive * COLON expression

                         COLON shift  5

State 14:
     (17) primitive ::= BUILTIN *

                     {default} reduce 17

State 15:
     (18) primitive ::= ICON *

                     {default} reduce 18

State 16:
     (19) primitive ::= FCON *

                     {default} reduce 19

State 17:
     (20) primitive ::= SCON *

                     {default} reduce 20

State 18:
     (21) primitive ::= IDENT *

                     {default} reduce 21

State 19:
     (22) primitive ::= TRUE *

                     {default} reduce 22

State 20:
     (23) primitive ::= FALSE *

                     {default} reduce 23

State 21:
     (24) primitive ::= NULL *

                     {default} reduce 24

State 22:
     (14) list_of_expressions ::= expression *

                     {default} reduce 14

State 23:
      (9) list_of_associations ::= list_of_associations COMMA primitive COLON expression *

                     {default} reduce 9

State 24:
     (10) list_of_associations ::= association *

                     {default} reduce 10

State 25:
      (0) statement ::= EOI *

                     {default} reduce 0

State 26:
     (11) association ::= primitive COLON expression *

                     {default} reduce 11

State 27:
      (1) statement ::= expression EOI *

                     {default} reduce 1

State 28:
      (2) statement ::= expression SEMICOLON *

                     {default} reduce 2

State 29:
      (3) expression ::= primitive *

                     {default} reduce 3

State 30:
      (4) expression ::= list *

                     {default} reduce 4

State 31:
      (5) expression ::= hash *

                     {default} reduce 5

State 32:
      (6) hash ::= OPEN_CURLY_BRACE CLOSE_CURLY_BRACE *

                     {default} reduce 6

State 33:
      (7) hash ::= OPEN_CURLY_BRACE list_of_associations CLOSE_CURLY_BRACE *

                     {default} reduce 7

State 34:
      (8) list_of_associations ::= list_of_associations primitive COLON expression *

                     {default} reduce 8

State 35:
     (12) list ::= OPEN_RECT_BRACE CLOSE_RECT_BRACE *

                     {default} reduce 12

State 36:
     (13) list ::= OPEN_RECT_BRACE list_of_expressions CLOSE_RECT_BRACE *

                     {default} reduce 13

State 37:
     (15) list_of_expressions ::= list_of_expressions expression *

                     {default} reduce 15

State 38:
     (16) list_of_expressions ::= list_of_expressions COMMA expression *

                     {default} reduce 16

----------------------------------------------------
Symbols:
    0: $:
    1: ERROR
    2: EOI
    3: SEMICOLON
    4: OPEN_CURLY_BRACE
    5: CLOSE_CURLY_BRACE
    6: COLON
    7: COMMA
    8: OPEN_RECT_BRACE
    9: CLOSE_RECT_BRACE
   10: BUILTIN
   11: ICON
   12: FCON
   13: SCON
   14: IDENT
   15: TRUE
   16: FALSE
   17: NULL
   18: error:
   19: expression: OPEN_CURLY_BRACE OPEN_RECT_BRACE BUILTIN ICON FCON SCON IDENT TRUE FALSE NULL
   20: primitive: BUILTIN ICON FCON SCON IDENT TRUE FALSE NULL
   21: list: OPEN_RECT_BRACE
   22: list_of_expressions: OPEN_CURLY_BRACE OPEN_RECT_BRACE BUILTIN ICON FCON SCON IDENT TRUE FALSE NULL
   23: hash: OPEN_CURLY_BRACE
   24: association: BUILTIN ICON FCON SCON IDENT TRUE FALSE NULL
   25: list_of_associations: BUILTIN ICON FCON SCON IDENT TRUE FALSE NULL
   26: statement: EOI OPEN_CURLY_BRACE OPEN_RECT_BRACE BUILTIN ICON FCON SCON IDENT TRUE FALSE NULL
